<?xml version="1.0" encoding="UTF-8"?>
<!-- Generated by org.testng.reporters.JUnitReportReporter -->
<testsuite hostname="DESKTOP-I12E5SS" failures="0" tests="1" name="cent.qa.tests.HomePageTests" time="6.548" errors="0" timestamp="2023-11-14T12:33:59 IST" skipped="0">
  <testcase classname="cent.qa.tests.HomePageTests" name="verifyHomePageTitleTest" time="6.548"/>
  <system-out/>
</testsuite> <!-- cent.qa.tests.HomePageTests -->
