<?xml version="1.0" encoding="UTF-8"?>
<!-- Generated by org.testng.reporters.JUnitReportReporter -->
<testsuite hostname="DESKTOP-I12E5SS" failures="0" tests="1" name="cent.qa.tests.CustomerAccountTests" time="12.042" errors="0" timestamp="2023-11-16T15:41:23 IST" skipped="0">
  <testcase classname="cent.qa.tests.CustomerAccountTests" name="createCustomerAccount" time="12.042"/>
  <system-out/>
</testsuite> <!-- cent.qa.tests.CustomerAccountTests -->
